2024-05-22 23:21:12,874 - ERROR - Произошла ошибка: localhost:27017: [WinError 10061] Подключение не установлено, т.к. конечный компьютер отверг запрос на подключение (configured timeouts: socketTimeoutMS: 20000.0ms, connectTimeoutMS: 20000.0ms), Timeout: 30s, Topology Description: <TopologyDescription id: 664e0ab9b8cd773281949a62, topology_type: Unknown, servers: [<ServerDescription ('localhost', 27017) server_type: Unknown, rtt: None, error=AutoReconnect('localhost:27017: [WinError 10061] Подключение не установлено, т.к. конечный компьютер отверг запрос на подключение (configured timeouts: socketTimeoutMS: 20000.0ms, connectTimeoutMS: 20000.0ms)')>]>
2024-05-22 23:22:23,101 - ERROR - Произошла ошибка: argon2: no backends available -- recommend you install one (e.g. 'pip install argon2_cffi')
2024-05-22 23:22:24,242 - ERROR - Произошла ошибка: argon2: no backends available -- recommend you install one (e.g. 'pip install argon2_cffi')
2024-05-22 23:22:47,946 - ERROR - Произошла ошибка: argon2: no backends available -- recommend you install one (e.g. 'pip install argon2_cffi')
2024-05-22 23:23:49,042 - ERROR - Произошла ошибка: localhost:27017: [WinError 10061] Подключение не установлено, т.к. конечный компьютер отверг запрос на подключение (configured timeouts: socketTimeoutMS: 20000.0ms, connectTimeoutMS: 20000.0ms), Timeout: 30s, Topology Description: <TopologyDescription id: 664e0ab9b8cd773281949a62, topology_type: Unknown, servers: [<ServerDescription ('localhost', 27017) server_type: Unknown, rtt: None, error=AutoReconnect('localhost:27017: [WinError 10061] Подключение не установлено, т.к. конечный компьютер отверг запрос на подключение (configured timeouts: socketTimeoutMS: 20000.0ms, connectTimeoutMS: 20000.0ms)')>]>
2024-05-22 23:24:30,661 - ERROR - Произошла ошибка: localhost:27017: [WinError 10061] Подключение не установлено, т.к. конечный компьютер отверг запрос на подключение (configured timeouts: socketTimeoutMS: 20000.0ms, connectTimeoutMS: 20000.0ms), Timeout: 30s, Topology Description: <TopologyDescription id: 664e0ab9b8cd773281949a62, topology_type: Unknown, servers: [<ServerDescription ('localhost', 27017) server_type: Unknown, rtt: None, error=AutoReconnect('localhost:27017: [WinError 10061] Подключение не установлено, т.к. конечный компьютер отверг запрос на подключение (configured timeouts: socketTimeoutMS: 20000.0ms, connectTimeoutMS: 20000.0ms)')>]>
2024-05-22 23:26:31,432 - ERROR - Произошла ошибка: 'DishCreate' object has no attribute 'created_by'
2024-05-22 23:26:32,398 - ERROR - Произошла ошибка: 'DishCreate' object has no attribute 'created_by'
2024-05-22 23:27:55,919 - ERROR - Произошла ошибка: localhost:27017: [WinError 10061] Подключение не установлено, т.к. конечный компьютер отверг запрос на подключение (configured timeouts: socketTimeoutMS: 20000.0ms, connectTimeoutMS: 20000.0ms), Timeout: 30s, Topology Description: <TopologyDescription id: 664e0ab9b8cd773281949a62, topology_type: Unknown, servers: [<ServerDescription ('localhost', 27017) server_type: Unknown, rtt: None, error=AutoReconnect('localhost:27017: [WinError 10061] Подключение не установлено, т.к. конечный компьютер отверг запрос на подключение (configured timeouts: socketTimeoutMS: 20000.0ms, connectTimeoutMS: 20000.0ms)')>]>
2024-05-22 23:28:32,115 - ERROR - Произошла ошибка: argon2: no backends available -- recommend you install one (e.g. 'pip install argon2_cffi')
2024-05-22 23:31:01,712 - ERROR - Произошла ошибка: localhost:27017: [WinError 10061] Подключение не установлено, т.к. конечный компьютер отверг запрос на подключение (configured timeouts: socketTimeoutMS: 20000.0ms, connectTimeoutMS: 20000.0ms), Timeout: 30s, Topology Description: <TopologyDescription id: 664e1da1a2fa7899d37783e1, topology_type: Unknown, servers: [<ServerDescription ('localhost', 27017) server_type: Unknown, rtt: None, error=AutoReconnect('localhost:27017: [WinError 10061] Подключение не установлено, т.к. конечный компьютер отверг запрос на подключение (configured timeouts: socketTimeoutMS: 20000.0ms, connectTimeoutMS: 20000.0ms)')>]>
2024-05-22 23:31:35,826 - ERROR - Произошла ошибка: localhost:27017: [WinError 10061] Подключение не установлено, т.к. конечный компьютер отверг запрос на подключение (configured timeouts: socketTimeoutMS: 20000.0ms, connectTimeoutMS: 20000.0ms), Timeout: 30s, Topology Description: <TopologyDescription id: 664e1da1a2fa7899d37783e1, topology_type: Unknown, servers: [<ServerDescription ('localhost', 27017) server_type: Unknown, rtt: None, error=AutoReconnect('localhost:27017: [WinError 10061] Подключение не установлено, т.к. конечный компьютер отверг запрос на подключение (configured timeouts: socketTimeoutMS: 20000.0ms, connectTimeoutMS: 20000.0ms)')>]>
2024-05-22 23:32:29,038 - ERROR - Произошла ошибка: localhost:27017: [WinError 10061] Подключение не установлено, т.к. конечный компьютер отверг запрос на подключение (configured timeouts: socketTimeoutMS: 20000.0ms, connectTimeoutMS: 20000.0ms), Timeout: 30s, Topology Description: <TopologyDescription id: 664e1da1a2fa7899d37783e1, topology_type: Unknown, servers: [<ServerDescription ('localhost', 27017) server_type: Unknown, rtt: None, error=AutoReconnect('localhost:27017: [WinError 10061] Подключение не установлено, т.к. конечный компьютер отверг запрос на подключение (configured timeouts: socketTimeoutMS: 20000.0ms, connectTimeoutMS: 20000.0ms)')>]>
2024-05-24 17:14:10,919 - ERROR - Произошла ошибка: 'DishCreate' object has no attribute 'created_by'
2024-05-24 17:14:11,910 - ERROR - Произошла ошибка: 'DishCreate' object has no attribute 'created_by'
2024-05-24 17:14:48,411 - ERROR - Произошла ошибка: 'DishCreate' object has no attribute 'created_by'
2024-05-24 17:15:36,484 - ERROR - Произошла ошибка: 404: Пользователь не найден
2024-05-24 17:15:46,565 - ERROR - Произошла ошибка: '1' is not a valid ObjectId, it must be a 12-byte input or a 24-character hex string
2024-05-24 17:44:10,876 - ERROR - Произошла ошибка: '1' is not a valid ObjectId, it must be a 12-byte input or a 24-character hex string
2024-05-24 17:44:11,728 - ERROR - Произошла ошибка: '1' is not a valid ObjectId, it must be a 12-byte input or a 24-character hex string
2024-05-24 17:44:13,872 - ERROR - Произошла ошибка: '2' is not a valid ObjectId, it must be a 12-byte input or a 24-character hex string
2024-05-24 17:44:16,320 - ERROR - Произошла ошибка: '3' is not a valid ObjectId, it must be a 12-byte input or a 24-character hex string
2024-05-24 17:44:33,842 - ERROR - Произошла ошибка: 404: Блюдо не найден
